<?xml version="1.0" encoding="UTF-8"?>
<testsuites name="SecondTestSuite" time="28.683" tests="1" failures="0" errors="0">
   <testsuite name="SecondTestSuite" tests="1" failures="0" errors="0" time="28.683" skipped="0" timestamp="2022-11-01 15:04:28" hostname="Nikita.K - A4G618-PC.afourtech.pune" id="Test Suites/SecondTestSuite">
      <properties>
         <property name="deviceName" value=""/>
         <property name="devicePlatform" value=""/>
         <property name="logFolder" value="C:\\Users\\Nikita.K\\Desktop\\katalon-practice-test\\Reports\\20221101_150419\\SecondTestSuite\\20221101_150422"/>
         <property name="logFiles" value="C:\\Users\\Nikita.K\\Desktop\\katalon-practice-test\\Reports\\20221101_150419\\SecondTestSuite\\20221101_150422\\execution0.log"/>
         <property name="attachments" value=""/>
         <property name="hostName" value="Nikita.K - A4G618-PC.afourtech.pune"/>
         <property name="os" value="Windows 10 64bit"/>
         <property name="katalonVersion" value="8.5.1.208"/>
         <property name="browser" value="Chrome 106.0.0.0"/>
         <property name="hostAddress" value="192.168.71.105"/>
         <property name="sessionId" value="546e64df02c673bf8742a612b4496009"/>
         <property name="seleniumVersion" value="3.141.59"/>
         <property name="proxyInformation" value="ProxyInformation { proxyOption=NO_PROXY, proxyServerType=HTTP, username=, password=********, proxyServerAddress=, proxyServerPort=0, executionList=&quot;&quot;, isApplyToDesiredCapabilities=true }"/>
         <property name="platform" value="Windows 10"/>
      </properties>
      <testcase name="Test Cases/TestCaseOnOrangeHrmPage" time="28.164" classname="Test Cases/TestCaseOnOrangeHrmPage" status="PASSED">
         <system-out><![CDATA[2022-11-01 15:04:29 - [TEST_CASE][PASSED] - Test Cases/TestCaseOnOrangeHrmPage: Test Cases/TestCaseOnOrangeHrmPage

2022-11-01 15:04:29 - [TEST_STEP][PASSED] - openBrowser("https://opensource-demo.orangehrmlive.com/"): Browser is opened with url: 'https://opensource-demo.orangehrmlive.com/'

2022-11-01 15:04:31 - [MESSAGE][INFO] - Starting 'Chrome' driver

2022-11-01 15:04:31 - [MESSAGE][INFO] - Action delay is set to 2,000 milliseconds

2022-11-01 15:04:42 - [MESSAGE][PASSED] - Browser is opened with url: 'https://opensource-demo.orangehrmlive.com/'

2022-11-01 15:04:42 - [TEST_STEP][PASSED] - setText(findTestObject("Object Repository/Page_OrangeHRM/input_Username_username"), "Admin"): Text 'Admin' is set on object 'Object Repository/Page_OrangeHRM/input_Username_username'

2022-11-01 15:04:48 - [MESSAGE][PASSED] - Text 'Admin' is set on object 'Object Repository/Page_OrangeHRM/input_Username_username'

2022-11-01 15:04:48 - [TEST_STEP][PASSED] - setText(findTestObject("Object Repository/Page_OrangeHRM/input_Password_password"), "admin123"): Text 'admin123' is set on object 'Object Repository/Page_OrangeHRM/input_Password_password'

2022-11-01 15:04:53 - [MESSAGE][PASSED] - Text 'admin123' is set on object 'Object Repository/Page_OrangeHRM/input_Password_password'

2022-11-01 15:04:53 - [TEST_STEP][PASSED] - click(findTestObject("Object Repository/Page_OrangeHRM/button_Login")): Object: 'Object Repository/Page_OrangeHRM/button_Login' is clicked on

2022-11-01 15:04:56 - [MESSAGE][PASSED] - Object: 'Object Repository/Page_OrangeHRM/button_Login' is clicked on

2022-11-01 15:04:56 - [TEST_STEP][PASSED] - closeBrowser(): Browser is closed

2022-11-01 15:04:57 - [MESSAGE][PASSED] - Browser is closed]]></system-out>
         <system-err><![CDATA[]]></system-err>
      </testcase>
      <system-out><![CDATA[2022-11-01 15:04:28 - [TEST_SUITE][PASSED] - SecondTestSuite: Test Cases/TestCaseOnOrangeHrmPage]]></system-out>
      <system-err><![CDATA[]]></system-err>
   </testsuite>
</testsuites>
